# JRE version: Java(TM) SE Runtime Environment (9.0+11) (build 9.0.4+11)
# Java VM: Java HotSpot(TM) 64-Bit Server VM (9.0.4+11, mixed mode, tiered, compressed oops, g1 gc, windows-amd64)
Heap:
 garbage-first heap   total 433152K, used 181985K [0x0000000700000000, 0x0000000700100d38, 0x00000007c0000000)
  region size 1024K, 36 young (36864K), 1 survivors (1024K)
 Metaspace       used 89390K, capacity 91487K, committed 99760K, reserved 1134592K
  class space    used 12039K, capacity 12486K, committed 14256K, reserved 1048576K
GC Heap History (10 events):
Event: 10716.121 GC heap before
{Heap before GC invocations=2389 (full 559):
 garbage-first heap   total 433152K, used 195922K [0x0000000700000000, 0x0000000700100d38, 0x00000007c0000000)
  region size 1024K, 60 young (61440K), 1 survivors (1024K)
 Metaspace       used 89380K, capacity 91487K, committed 99760K, reserved 1134592K
  class space    used 12038K, capacity 12486K, committed 14256K, reserved 1048576K
}
Event: 10716.123 GC heap after
{Heap after GC invocations=2390 (full 559):
 garbage-first heap   total 433152K, used 135733K [0x0000000700000000, 0x0000000700100d38, 0x00000007c0000000)
  region size 1024K, 1 young (1024K), 1 survivors (1024K)
 Metaspace       used 89380K, capacity 91487K, committed 99760K, reserved 1134592K
  class space    used 12038K, capacity 12486K, committed 14256K, reserved 1048576K
}
Event: 10719.882 GC heap before
{Heap before GC invocations=2390 (full 559):
 garbage-first heap   total 433152K, used 196149K [0x0000000700000000, 0x0000000700100d38, 0x00000007c0000000)
  region size 1024K, 60 young (61440K), 1 survivors (1024K)
 Metaspace       used 89387K, capacity 91487K, committed 99760K, reserved 1134592K
  class space    used 12039K, capacity 12486K, committed 14256K, reserved 1048576K
}
Event: 10719.884 GC heap after
{Heap after GC invocations=2391 (full 559):
 garbage-first heap   total 433152K, used 135828K [0x0000000700000000, 0x0000000700100d38, 0x00000007c0000000)
  region size 1024K, 1 young (1024K), 1 survivors (1024K)
 Metaspace       used 89387K, capacity 91487K, committed 99760K, reserved 1134592K
  class space    used 12039K, capacity 12486K, committed 14256K, reserved 1048576K
}
Event: 10722.521 GC heap before
{Heap before GC invocations=2391 (full 559):
 garbage-first heap   total 433152K, used 141972K [0x0000000700000000, 0x0000000700100d38, 0x00000007c0000000)
  region size 1024K, 8 young (8192K), 1 survivors (1024K)
 Metaspace       used 89387K, capacity 91487K, committed 99760K, reserved 1134592K
  class space    used 12039K, capacity 12486K, committed 14256K, reserved 1048576K
}
Event: 10722.522 GC heap after
{Heap after GC invocations=2392 (full 559):
 garbage-first heap   total 433152K, used 135618K [0x0000000700000000, 0x0000000700100d38, 0x00000007c0000000)
  region size 1024K, 1 young (1024K), 1 survivors (1024K)
 Metaspace       used 89387K, capacity 91487K, committed 99760K, reserved 1134592K
  class space    used 12039K, capacity 12486K, committed 14256K, reserved 1048576K
}
Event: 10726.181 GC heap before
{Heap before GC invocations=2392 (full 559):
 garbage-first heap   total 433152K, used 180674K [0x0000000700000000, 0x0000000700100d38, 0x00000007c0000000)
  region size 1024K, 35 young (35840K), 1 survivors (1024K)
 Metaspace       used 89387K, capacity 91487K, committed 99760K, reserved 1134592K
  class space    used 12039K, capacity 12486K, committed 14256K, reserved 1048576K
}
Event: 10726.183 GC heap after
{Heap after GC invocations=2393 (full 559):
 garbage-first heap   total 433152K, used 146967K [0x0000000700000000, 0x0000000700100d38, 0x00000007c0000000)
  region size 1024K, 1 young (1024K), 1 survivors (1024K)
 Metaspace       used 89387K, capacity 91487K, committed 99760K, reserved 1134592K
  class space    used 12039K, capacity 12486K, committed 14256K, reserved 1048576K
}
Event: 10726.554 GC heap before
{Heap before GC invocations=2393 (full 559):
 garbage-first heap   total 433152K, used 207383K [0x0000000700000000, 0x0000000700100d38, 0x00000007c0000000)
  region size 1024K, 60 young (61440K), 1 survivors (1024K)
 Metaspace       used 89389K, capacity 91487K, committed 99760K, reserved 1134592K
  class space    used 12039K, capacity 12486K, committed 14256K, reserved 1048576K
}
Event: 10726.556 GC heap after
{Heap after GC invocations=2394 (full 559):
 garbage-first heap   total 433152K, used 147169K [0x0000000700000000, 0x0000000700100d38, 0x00000007c0000000)
  region size 1024K, 1 young (1024K), 1 survivors (1024K)
 Metaspace       used 89389K, capacity 91487K, committed 99760K, reserved 1134592K
  class space    used 12039K, capacity 12486K, committed 14256K, reserved 1048576K
}

